#
# A fatal error has been detected by the Java Runtime Environment:
#
#  EXCEPTION_ACCESS_VIOLATION (0xc0000005) at pc=0x00007ffe7d093ccb, pid=10508, tid=62096
#
# JRE version: OpenJDK Runtime Environment (11.0.5+10) (build 11.0.5+10-b520.38)
# Java VM: OpenJDK 64-Bit Server VM (11.0.5+10-b520.38, mixed mode, sharing, tiered, compressed oops, g1 gc, windows-amd64)
# Problematic frame:
# V  [jvm.dll+0x4e3ccb]
#
# No core dump will be written. Minidumps are not enabled by default on client versions of Windows
#
# If you would like to submit a bug report, please visit:
#   http://bugreport.java.com/bugreport/crash.jsp
#

---------------  S U M M A R Y ------------

Command Line: -agentlib:jdwp=transport=dt_socket,address=127.0.0.1:53425,suspend=y,server=n -ea -Didea.test.cyclic.buffer.size=1048576 -javaagent:C:\Users\dvirs\.IntelliJIdea2019.3\system\captureAgent\debugger-agent.jar -Dfile.encoding=UTF-8 com.intellij.rt.junit.JUnitStarter -ideVersion5 -junit4 unittests.LightsTests,sphereSpot

Host: Intel(R) Core(TM) i5-8250U CPU @ 1.60GHz, 8 cores, 7G,  Windows 10 , 64 bit Build 18362 (10.0.18362.329)
Time: Mon Jun  1 17:16:08 2020 ???? ??????? ???? - ???? º?? elapsed time: 613424 seconds (7d 2h 23m 44s)

---------------  T H R E A D  ---------------

Current thread (0x000001f3fc870800):  JavaThread "main" [_thread_in_vm, id=62096, stack(0x0000002c6a900000,0x0000002c6aa00000)]

Stack: [0x0000002c6a900000,0x0000002c6aa00000],  sp=0x0000002c6a9fdea0,  free space=1015k
Native frames: (J=compiled Java code, j=interpreted, Vv=VM code, C=native code)
V  [jvm.dll+0x4e3ccb]
V  [jvm.dll+0x4e3643]
V  [jvm.dll+0x36be20]
V  [jvm.dll+0x36b6b8]
C  0x000001f38401c18e

Java frames: (J=compiled Java code, j=interpreted, Vv=VM code)
j  renderer.Render.calcDiffusive(DLprimitives/Vector;Lprimitives/Vector;Lprimitives/Color;)Lprimitives/Color;+13
j  renderer.Render.calcColor(Lgeometries/Intersectable$GeoPoint;)Lprimitives/Color;+223
j  renderer.Render.renderImage()V+158
j  unittests.LightsTests.sphereSpot()V+244
v  ~StubRoutines::call_stub
j  jdk.internal.reflect.NativeMethodAccessorImpl.invoke0(Ljava/lang/reflect/Method;Ljava/lang/Object;[Ljava/lang/Object;)Ljava/lang/Object;+0 java.base@11.0.5
j  jdk.internal.reflect.NativeMethodAccessorImpl.invoke(Ljava/lang/Object;[Ljava/lang/Object;)Ljava/lang/Object;+100 java.base@11.0.5
j  jdk.internal.reflect.DelegatingMethodAccessorImpl.invoke(Ljava/lang/Object;[Ljava/lang/Object;)Ljava/lang/Object;+6 java.base@11.0.5
j  java.lang.reflect.Method.invoke(Ljava/lang/Object;[Ljava/lang/Object;)Ljava/lang/Object;+59 java.base@11.0.5
j  org.junit.runners.model.FrameworkMethod$1.runReflectiveCall()Ljava/lang/Object;+15
j  org.junit.internal.runners.model.ReflectiveCallable.run()Ljava/lang/Object;+1
j  org.junit.runners.model.FrameworkMethod.invokeExplosively(Ljava/lang/Object;[Ljava/lang/Object;)Ljava/lang/Object;+10
j  org.junit.internal.runners.statements.InvokeMethod.evaluate()V+12
j  org.junit.runners.ParentRunner.runLeaf(Lorg/junit/runners/model/Statement;Lorg/junit/runner/Description;Lorg/junit/runner/notification/RunNotifier;)V+17
j  org.junit.runners.BlockJUnit4ClassRunner.runChild(Lorg/junit/runners/model/FrameworkMethod;Lorg/junit/runner/notification/RunNotifier;)V+30
j  org.junit.runners.BlockJUnit4ClassRunner.runChild(Ljava/lang/Object;Lorg/junit/runner/notification/RunNotifier;)V+6
j  org.junit.runners.ParentRunner$3.run()V+12
j  org.junit.runners.ParentRunner$1.schedule(Ljava/lang/Runnable;)V+1
j  org.junit.runners.ParentRunner.runChildren(Lorg/junit/runner/notification/RunNotifier;)V+44
j  org.junit.runners.ParentRunner.access$000(Lorg/junit/runners/ParentRunner;Lorg/junit/runner/notification/RunNotifier;)V+2
j  org.junit.runners.ParentRunner$2.evaluate()V+8
j  org.junit.runners.ParentRunner.run(Lorg/junit/runner/notification/RunNotifier;)V+20
j  org.junit.runner.JUnitCore.run(Lorg/junit/runner/Runner;)Lorg/junit/runner/Result;+37
j  com.intellij.junit4.JUnit4IdeaTestRunner.startRunnerWithArgs([Ljava/lang/String;Ljava/lang/String;IZ)I+146
j  com.intellij.rt.junit.IdeaTestRunner$Repeater.startRunnerWithArgs(Lcom/intellij/rt/junit/IdeaTestRunner;[Ljava/lang/String;Ljava/util/ArrayList;Ljava/lang/String;IZ)I+22
j  com.intellij.rt.junit.JUnitStarter.prepareStreamsAndStart([Ljava/lang/String;Ljava/lang/String;Ljava/util/ArrayList;Ljava/lang/String;)I+116
j  com.intellij.rt.junit.JUnitStarter.main([Ljava/lang/String;)V+116
v  ~StubRoutines::call_stub

siginfo: EXCEPTION_ACCESS_VIOLATION (0xc0000005), reading address 0x000000000000000a


Register to memory mapping:

RIP=0x00007ffe7d093ccb jvm.dll
RAX=0x0000002c6a9fdef0 is pointing into the stack for thread: 0x000001f3fc870800
RBX=0x000001f3fc861a40 points into unknown readable memory: 02 00 00 00 00 00 00 00
RCX=0x0000002c6a9fde70 is pointing into the stack for thread: 0x000001f3fc870800
RDX=0x0000002c6a9fde70 is pointing into the stack for thread: 0x000001f3fc870800
RSP=0x0000002c6a9fdea0 is pointing into the stack for thread: 0x000001f3fc870800
RBP=0x0000002c6a9fe040 is pointing into the stack for thread: 0x000001f3fc870800
RSI=0x000001f3fc870800 is a thread
RDI=0x0000000000000002 is an unknown value
R8 =0x000000000000002c is an unknown value
R9 =0x000001f3977e8548 is pointing into metadata
R10=0x0 is NULL
R11=0x0000000000000029 is an unknown value
R12=0x000001f3fc870d00 points into unknown readable memory: 00 00 00 00 00 00 00 00
R13=0x00000000000000b6 is an unknown value
R14=0x000001f3977e7b40 is pointing into metadata
R15=0x0 is NULL


Registers:
RAX=0x0000002c6a9fdef0, RBX=0x000001f3fc861a40, RCX=0x0000002c6a9fde70, RDX=0x0000002c6a9fde70
RSP=0x0000002c6a9fdea0, RBP=0x0000002c6a9fe040, RSI=0x000001f3fc870800, RDI=0x0000000000000002
R8 =0x000000000000002c, R9 =0x000001f3977e8548, R10=0x0000000000000000, R11=0x0000000000000029
R12=0x000001f3fc870d00, R13=0x00000000000000b6, R14=0x000001f3977e7b40, R15=0x0000000000000000
RIP=0x00007ffe7d093ccb, EFLAGS=0x0000000000010202

Top of Stack: (sp=0x0000002c6a9fdea0)
0x0000002c6a9fdea0:   000000000000000a 0000002c6a9fe040
0x0000002c6a9fdeb0:   0000002c6a9fe040 00007ffe7d093c4e
0x0000002c6a9fdec0:   00007ffe7d384f88 00000008003ed5f0
0x0000002c6a9fded0:   0000000000000004 0000002c00000007
0x0000002c6a9fdee0:   00000000003e0000 00000008003ed5f0
0x0000002c6a9fdef0:   000000080042c128 000001f397f48240
0x0000002c6a9fdf00:   0000000840085918 0000000840087380
0x0000002c6a9fdf10:   0000000000000000 0000000000000000
0x0000002c6a9fdf20:   0000000000000a01 00007ffe7d20b9c8
0x0000002c6a9fdf30:   000001f3fc870800 00007ffe7d093643
0x0000002c6a9fdf40:   0000002c6a9fe040 000001f3fc861a40
0x0000002c6a9fdf50:   0000002c6a9fe030 0000002c6a9fe099
0x0000002c6a9fdf60:   000001f3fc870800 00007ffe7cded5c4
0x0000002c6a9fdf70:   0000000000001000 0000002c6a9fe089
0x0000002c6a9fdf80:   00007ffe7d384f20 000001f397f48240
0x0000002c6a9fdf90:   0000000000000003 000001f300000063 

Instructions: (pc=0x00007ffe7d093ccb)
0x00007ffe7d093bcb:   4c 8d 44 24 30 48 8d 54 24 40 48 89 5c 24 20 48
0x00007ffe7d093bdb:   8b cf e8 7e 13 00 00 48 8d 4c 24 30 e8 e4 5f e5
0x00007ffe7d093beb:   ff 48 8d 4c 24 60 e8 da 5f e5 ff 48 8b 9c 24 90
0x00007ffe7d093bfb:   00 00 00 48 81 c4 80 00 00 00 5f c3 cc cc cc cc
0x00007ffe7d093c0b:   cc cc cc cc cc 48 89 5c 24 08 57 48 83 ec 60 48
0x00007ffe7d093c1b:   8b f9 49 8b d9 48 8d 4c 24 20 e8 66 cd ff ff 48
0x00007ffe7d093c2b:   83 7b 08 00 75 13 4c 8b cb 48 8d 54 24 20 41 b0
0x00007ffe7d093c3b:   01 48 8b cf e8 ac 09 00 00 48 8d 4c 24 40 e8 82
0x00007ffe7d093c4b:   5f e5 ff 48 8b 5c 24 70 48 83 c4 60 5f c3 cc cc
0x00007ffe7d093c5b:   cc cc cc cc cc 48 89 6c 24 20 48 89 54 24 10 56
0x00007ffe7d093c6b:   48 81 ec 90 00 00 00 48 8b b4 24 c0 00 00 00 41
0x00007ffe7d093c7b:   8b c1 49 8b d0 48 8b e9 4c 8b ce 48 8d 4c 24 50
0x00007ffe7d093c8b:   44 8b c0 e8 fd cc ff ff 48 83 7e 08 00 0f 85 9d
0x00007ffe7d093c9b:   00 00 00 48 89 9c 24 a0 00 00 00 48 8b 9c 24 a8
0x00007ffe7d093cab:   00 00 00 48 89 bc 24 b0 00 00 00 48 85 db 75 04
0x00007ffe7d093cbb:   33 ff eb 25 80 3d 8d 07 50 00 00 48 8b 3b 74 15
0x00007ffe7d093ccb:   8b 7f 08 8b 0d c4 7d 4b 00 48 d3 e7 48 03 3d b2
0x00007ffe7d093cdb:   7d 4b 00 eb 04 48 8b 7f 08 4c 8b c6 48 8d 54 24
0x00007ffe7d093ceb:   50 48 8d 4c 24 40 e8 fa df ff ff 48 83 7e 08 00
0x00007ffe7d093cfb:   75 24 4c 8b 44 24 60 48 8d 54 24 40 48 89 74 24
0x00007ffe7d093d0b:   30 4c 8b cb c6 44 24 28 01 48 8b cd 48 89 7c 24
0x00007ffe7d093d1b:   20 e8 8f 17 00 00 48 8d 4c 24 40 e8 a5 5e e5 ff
0x00007ffe7d093d2b:   48 8b 9c 24 a0 00 00 00 48 8b bc 24 b0 00 00 00
0x00007ffe7d093d3b:   48 8d 4c 24 70 e8 8b 5e e5 ff 48 8b ac 24 b8 00
0x00007ffe7d093d4b:   00 00 48 81 c4 90 00 00 00 5e c3 cc cc cc cc cc
0x00007ffe7d093d5b:   cc cc cc cc cc 48 89 5c 24 18 55 56 57 41 54 41
0x00007ffe7d093d6b:   55 41 56 41 57 48 8d ac 24 60 ff ff ff 48 81 ec
0x00007ffe7d093d7b:   a0 01 00 00 48 8b 05 6a ff 4c 00 48 33 c4 48 89
0x00007ffe7d093d8b:   85 90 00 00 00 4c 8b 62 10 33 db 4d 8b f1 48 8b
0x00007ffe7d093d9b:   fa 48 8b f1 41 81 f8 b6 00 00 00 0f 85 a8 00 00
0x00007ffe7d093dab:   00 41 8b 84 24 a4 00 00 00 c1 e8 09 a8 01 0f 84
0x00007ffe7d093dbb:   95 00 00 00 49 8b 99 70 02 00 00 49 8b cc 48 8b 


Stack slot to memory mapping:
stack at sp + 0 slots: 0x000000000000000a is an unknown value
stack at sp + 1 slots: 0x0000002c6a9fe040 is pointing into the stack for thread: 0x000001f3fc870800
stack at sp + 2 slots: 0x0000002c6a9fe040 is pointing into the stack for thread: 0x000001f3fc870800
stack at sp + 3 slots: 0x00007ffe7d093c4e jvm.dll
stack at sp + 4 slots: 0x00007ffe7d384f88 jvm.dll
stack at sp + 5 slots: 0x00000008003ed5f0 is pointing into metadata
stack at sp + 6 slots: 0x0000000000000004 is an unknown value
stack at sp + 7 slots: 0x0000002c00000007 is an unknown value


---------------  P R O C E S S  ---------------

Threads class SMR info:
_java_thread_list=0x000001f39830ccd0, length=12, elements={
0x000001f3fc870800, 0x000001f397261800, 0x000001f397262800, 0x000001f39727f000,
0x000001f397280800, 0x000001f397282800, 0x000001f397291800, 0x000001f397292800,
0x000001f397cb7800, 0x000001f397e20000, 0x000001f397e21000, 0x000001f397d79800
}

Java Threads: ( => current thread )
=>0x000001f3fc870800 JavaThread "main" [_thread_in_vm, id=62096, stack(0x0000002c6a900000,0x0000002c6aa00000)]
  0x000001f397261800 JavaThread "Reference Handler" daemon [_thread_blocked, id=65876, stack(0x0000002c6b000000,0x0000002c6b100000)]
  0x000001f397262800 JavaThread "Finalizer" daemon [_thread_blocked, id=66352, stack(0x0000002c6b100000,0x0000002c6b200000)]
  0x000001f39727f000 JavaThread "Signal Dispatcher" daemon [_thread_blocked, id=66252, stack(0x0000002c6b200000,0x0000002c6b300000)]
  0x000001f397280800 JavaThread "Attach Listener" daemon [_thread_blocked, id=66032, stack(0x0000002c6b300000,0x0000002c6b400000)]
  0x000001f397282800 JavaThread "C2 CompilerThread0" daemon [_thread_blocked, id=43716, stack(0x0000002c6b400000,0x0000002c6b500000)]
  0x000001f397291800 JavaThread "C1 CompilerThread0" daemon [_thread_blocked, id=49128, stack(0x0000002c6b500000,0x0000002c6b600000)]
  0x000001f397292800 JavaThread "Sweeper thread" daemon [_thread_blocked, id=59748, stack(0x0000002c6b600000,0x0000002c6b700000)]
  0x000001f397cb7800 JavaThread "Common-Cleaner" daemon [_thread_blocked, id=64148, stack(0x0000002c6b700000,0x0000002c6b800000)]
  0x000001f397e20000 JavaThread "JDWP Transport Listener: dt_socket" daemon [_thread_blocked, id=45580, stack(0x0000002c6b900000,0x0000002c6ba00000)]
  0x000001f397e21000 JavaThread "JDWP Event Helper Thread" daemon [_thread_blocked, id=41960, stack(0x0000002c6ba00000,0x0000002c6bb00000)]
  0x000001f397d79800 JavaThread "Service Thread" daemon [_thread_blocked, id=37024, stack(0x0000002c6b800000,0x0000002c6b900000)]

Other Threads:
  0x000001f397260800 VMThread "VM Thread" [stack: 0x0000002c6af00000,0x0000002c6b000000] [id=51552]
  0x000001f397df1800 WatcherThread [stack: 0x0000002c6bc00000,0x0000002c6bd00000] [id=4392]
  0x000001f3fc887800 GCTaskThread "GC Thread#0" [stack: 0x0000002c6aa00000,0x0000002c6ab00000] [id=55272]
  0x000001f398544800 GCTaskThread "GC Thread#1" [stack: 0x0000002c6bf00000,0x0000002c6c000000] [id=65396]
  0x000001f398545800 GCTaskThread "GC Thread#2" [stack: 0x0000002c6c000000,0x0000002c6c100000] [id=10824]
  0x000001f3fc8b8800 ConcurrentGCThread "G1 Main Marker" [stack: 0x0000002c6ab00000,0x0000002c6ac00000] [id=62420]
  0x000001f3fc8ba800 ConcurrentGCThread "G1 Conc#0" [stack: 0x0000002c6ac00000,0x0000002c6ad00000] [id=7416]
  0x000001f3970f1800 ConcurrentGCThread "G1 Refine#0" [stack: 0x0000002c6ad00000,0x0000002c6ae00000] [id=37940]
  0x000001f3970f2800 ConcurrentGCThread "G1 Young RemSet Sampling" [stack: 0x0000002c6ae00000,0x0000002c6af00000] [id=63928]

Threads with active compile tasks:

VM state:synchronizing (normal execution)

VM Mutex/Monitor currently owned by a thread:  ([mutex/lock_event])
[0x000001f3fc86ced0] Threads_lock - owner thread: 0x000001f397260800

Heap address: 0x0000000081800000, size: 2024 MB, Compressed Oops mode: 32-bit
Narrow klass base: 0x0000000800000000, Narrow klass shift: 3
Compressed class space size: 1073741824 Address: 0x0000000840000000

Heap:
 garbage-first heap   total 131072K, used 46775K [0x0000000081800000, 0x0000000100000000)
  region size 1024K, 46 young (47104K), 2 survivors (2048K)
 Metaspace       used 4113K, capacity 6202K, committed 6400K, reserved 1056768K
  class space    used 440K, capacity 671K, committed 768K, reserved 1048576K
Heap Regions: E=young(eden), S=young(survivor), O=old, HS=humongous(starts), HC=humongous(continues), CS=collection set, F=free, A=archive, TAMS=top-at-mark-start (previous, next)
|   0|0x0000000081800000, 0x0000000081900000, 0x0000000081900000|100%|HS|  |TAMS 0x0000000081800000, 0x0000000081800000| Complete 
|   1|0x0000000081900000, 0x0000000081900000, 0x0000000081a00000|  0%| F|  |TAMS 0x0000000081900000, 0x0000000081900000| Untracked 
|   2|0x0000000081a00000, 0x0000000081a00000, 0x0000000081b00000|  0%| F|  |TAMS 0x0000000081a00000, 0x0000000081a00000| Untracked 
|   3|0x0000000081b00000, 0x0000000081b00000, 0x0000000081c00000|  0%| F|  |TAMS 0x0000000081b00000, 0x0000000081b00000| Untracked 
|   4|0x0000000081c00000, 0x0000000081c00000, 0x0000000081d00000|  0%| F|  |TAMS 0x0000000081c00000, 0x0000000081c00000| Untracked 
|   5|0x0000000081d00000, 0x0000000081d00000, 0x0000000081e00000|  0%| F|  |TAMS 0x0000000081d00000, 0x0000000081d00000| Untracked 
|   6|0x0000000081e00000, 0x0000000081e00000, 0x0000000081f00000|  0%| F|  |TAMS 0x0000000081e00000, 0x0000000081e00000| Untracked 
|   7|0x0000000081f00000, 0x0000000081f00000, 0x0000000082000000|  0%| F|  |TAMS 0x0000000081f00000, 0x0000000081f00000| Untracked 
|   8|0x0000000082000000, 0x0000000082000000, 0x0000000082100000|  0%| F|  |TAMS 0x0000000082000000, 0x0000000082000000| Untracked 
|   9|0x0000000082100000, 0x0000000082100000, 0x0000000082200000|  0%| F|  |TAMS 0x0000000082100000, 0x0000000082100000| Untracked 
|  10|0x0000000082200000, 0x0000000082200000, 0x0000000082300000|  0%| F|  |TAMS 0x0000000082200000, 0x0000000082200000| Untracked 
|  11|0x0000000082300000, 0x0000000082300000, 0x0000000082400000|  0%| F|  |TAMS 0x0000000082300000, 0x0000000082300000| Untracked 
|  12|0x0000000082400000, 0x0000000082400000, 0x0000000082500000|  0%| F|  |TAMS 0x0000000082400000, 0x0000000082400000| Untracked 
|  13|0x0000000082500000, 0x0000000082500000, 0x0000000082600000|  0%| F|  |TAMS 0x0000000082500000, 0x0000000082500000| Untracked 
|  14|0x0000000082600000, 0x0000000082600000, 0x0000000082700000|  0%| F|  |TAMS 0x0000000082600000, 0x0000000082600000| Untracked 
|  15|0x0000000082700000, 0x0000000082700000, 0x0000000082800000|  0%| F|  |TAMS 0x0000000082700000, 0x0000000082700000| Untracked 
|  16|0x0000000082800000, 0x0000000082800000, 0x0000000082900000|  0%| F|  |TAMS 0x0000000082800000, 0x0000000082800000| Untracked 
|  17|0x0000000082900000, 0x0000000082900000, 0x0000000082a00000|  0%| F|  |TAMS 0x0000000082900000, 0x0000000082900000| Untracked 
|  18|0x0000000082a00000, 0x0000000082a00000, 0x0000000082b00000|  0%| F|  |TAMS 0x0000000082a00000, 0x0000000082a00000| Untracked 
|  19|0x0000000082b00000, 0x0000000082b00000, 0x0000000082c00000|  0%| F|  |TAMS 0x0000000082b00000, 0x0000000082b00000| Untracked 
|  20|0x0000000082c00000, 0x0000000082c00000, 0x0000000082d00000|  0%| F|  |TAMS 0x0000000082c00000, 0x0000000082c00000| Untracked 
|  21|0x0000000082d00000, 0x0000000082d00000, 0x0000000082e00000|  0%| F|  |TAMS 0x0000000082d00000, 0x0000000082d00000| Untracked 
|  22|0x0000000082e00000, 0x0000000082e00000, 0x0000000082f00000|  0%| F|  |TAMS 0x0000000082e00000, 0x0000000082e00000| Untracked 
|  23|0x0000000082f00000, 0x0000000082f00000, 0x0000000083000000|  0%| F|  |TAMS 0x0000000082f00000, 0x0000000082f00000| Untracked 
|  24|0x0000000083000000, 0x0000000083000000, 0x0000000083100000|  0%| F|  |TAMS 0x0000000083000000, 0x0000000083000000| Untracked 
|  25|0x0000000083100000, 0x0000000083100000, 0x0000000083200000|  0%| F|  |TAMS 0x0000000083100000, 0x0000000083100000| Untracked 
|  26|0x0000000083200000, 0x0000000083200000, 0x0000000083300000|  0%| F|  |TAMS 0x0000000083200000, 0x0000000083200000| Untracked 
|  27|0x0000000083300000, 0x0000000083300000, 0x0000000083400000|  0%| F|  |TAMS 0x0000000083300000, 0x0000000083300000| Untracked 
|  28|0x0000000083400000, 0x0000000083400000, 0x0000000083500000|  0%| F|  |TAMS 0x0000000083400000, 0x0000000083400000| Untracked 
|  29|0x0000000083500000, 0x0000000083500000, 0x0000000083600000|  0%| F|  |TAMS 0x0000000083500000, 0x0000000083500000| Untracked 
|  30|0x0000000083600000, 0x0000000083600000, 0x0000000083700000|  0%| F|  |TAMS 0x0000000083600000, 0x0000000083600000| Untracked 
|  31|0x0000000083700000, 0x0000000083700000, 0x0000000083800000|  0%| F|  |TAMS 0x0000000083700000, 0x0000000083700000| Untracked 
|  32|0x0000000083800000, 0x0000000083800000, 0x0000000083900000|  0%| F|  |TAMS 0x0000000083800000, 0x0000000083800000| Untracked 
|  33|0x0000000083900000, 0x0000000083900000, 0x0000000083a00000|  0%| F|  |TAMS 0x0000000083900000, 0x0000000083900000| Untracked 
|  34|0x0000000083a00000, 0x0000000083a00000, 0x0000000083b00000|  0%| F|  |TAMS 0x0000000083a00000, 0x0000000083a00000| Untracked 
|  35|0x0000000083b00000, 0x0000000083b00000, 0x0000000083c00000|  0%| F|  |TAMS 0x0000000083b00000, 0x0000000083b00000| Untracked 
|  36|0x0000000083c00000, 0x0000000083c00000, 0x0000000083d00000|  0%| F|  |TAMS 0x0000000083c00000, 0x0000000083c00000| Untracked 
|  37|0x0000000083d00000, 0x0000000083d00000, 0x0000000083e00000|  0%| F|  |TAMS 0x0000000083d00000, 0x0000000083d00000| Untracked 
|  38|0x0000000083e00000, 0x0000000083e00000, 0x0000000083f00000|  0%| F|  |TAMS 0x0000000083e00000, 0x0000000083e00000| Untracked 
|  39|0x0000000083f00000, 0x0000000083f00000, 0x0000000084000000|  0%| F|  |TAMS 0x0000000083f00000, 0x0000000083f00000| Untracked 
|  40|0x0000000084000000, 0x0000000084000000, 0x0000000084100000|  0%| F|  |TAMS 0x0000000084000000, 0x0000000084000000| Untracked 
|  41|0x0000000084100000, 0x0000000084100000, 0x0000000084200000|  0%| F|  |TAMS 0x0000000084100000, 0x0000000084100000| Untracked 
|  42|0x0000000084200000, 0x0000000084200000, 0x0000000084300000|  0%| F|  |TAMS 0x0000000084200000, 0x0000000084200000| Untracked 
|  43|0x0000000084300000, 0x0000000084300000, 0x0000000084400000|  0%| F|  |TAMS 0x0000000084300000, 0x0000000084300000| Untracked 
|  44|0x0000000084400000, 0x0000000084400000, 0x0000000084500000|  0%| F|  |TAMS 0x0000000084400000, 0x0000000084400000| Untracked 
|  45|0x0000000084500000, 0x0000000084500000, 0x0000000084600000|  0%| F|  |TAMS 0x0000000084500000, 0x0000000084500000| Untracked 
|  46|0x0000000084600000, 0x0000000084600000, 0x0000000084700000|  0%| F|  |TAMS 0x0000000084600000, 0x0000000084600000| Untracked 
|  47|0x0000000084700000, 0x0000000084700000, 0x0000000084800000|  0%| F|  |TAMS 0x0000000084700000, 0x0000000084700000| Untracked 
|  48|0x0000000084800000, 0x0000000084800000, 0x0000000084900000|  0%| F|  |TAMS 0x0000000084800000, 0x0000000084800000| Untracked 
|  49|0x0000000084900000, 0x0000000084900000, 0x0000000084a00000|  0%| F|  |TAMS 0x0000000084900000, 0x0000000084900000| Untracked 
|  50|0x0000000084a00000, 0x0000000084a00000, 0x0000000084b00000|  0%| F|  |TAMS 0x0000000084a00000, 0x0000000084a00000| Untracked 
|  51|0x0000000084b00000, 0x0000000084b00000, 0x0000000084c00000|  0%| F|  |TAMS 0x0000000084b00000, 0x0000000084b00000| Untracked 
|  52|0x0000000084c00000, 0x0000000084c00000, 0x0000000084d00000|  0%| F|  |TAMS 0x0000000084c00000, 0x0000000084c00000| Untracked 
|  53|0x0000000084d00000, 0x0000000084d00000, 0x0000000084e00000|  0%| F|  |TAMS 0x0000000084d00000, 0x0000000084d00000| Untracked 
|  54|0x0000000084e00000, 0x0000000084e00000, 0x0000000084f00000|  0%| F|  |TAMS 0x0000000084e00000, 0x0000000084e00000| Untracked 
|  55|0x0000000084f00000, 0x0000000084f00000, 0x0000000085000000|  0%| F|  |TAMS 0x0000000084f00000, 0x0000000084f00000| Untracked 
|  56|0x0000000085000000, 0x0000000085000000, 0x0000000085100000|  0%| F|  |TAMS 0x0000000085000000, 0x0000000085000000| Untracked 
|  57|0x0000000085100000, 0x0000000085100000, 0x0000000085200000|  0%| F|  |TAMS 0x0000000085100000, 0x0000000085100000| Untracked 
|  58|0x0000000085200000, 0x0000000085200000, 0x0000000085300000|  0%| F|  |TAMS 0x0000000085200000, 0x0000000085200000| Untracked 
|  59|0x0000000085300000, 0x0000000085300000, 0x0000000085400000|  0%| F|  |TAMS 0x0000000085300000, 0x0000000085300000| Untracked 
|  60|0x0000000085400000, 0x0000000085400000, 0x0000000085500000|  0%| F|  |TAMS 0x0000000085400000, 0x0000000085400000| Untracked 
|  61|0x0000000085500000, 0x0000000085500000, 0x0000000085600000|  0%| F|  |TAMS 0x0000000085500000, 0x0000000085500000| Untracked 
|  62|0x0000000085600000, 0x0000000085600000, 0x0000000085700000|  0%| F|  |TAMS 0x0000000085600000, 0x0000000085600000| Untracked 
|  63|0x0000000085700000, 0x0000000085700000, 0x0000000085800000|  0%| F|  |TAMS 0x0000000085700000, 0x0000000085700000| Untracked 
|  64|0x0000000085800000, 0x0000000085800000, 0x0000000085900000|  0%| F|  |TAMS 0x0000000085800000, 0x0000000085800000| Untracked 
|  65|0x0000000085900000, 0x0000000085900000, 0x0000000085a00000|  0%| F|  |TAMS 0x0000000085900000, 0x0000000085900000| Untracked 
|  66|0x0000000085a00000, 0x0000000085a00000, 0x0000000085b00000|  0%| F|  |TAMS 0x0000000085a00000, 0x0000000085a00000| Untracked 
|  67|0x0000000085b00000, 0x0000000085b00000, 0x0000000085c00000|  0%| F|  |TAMS 0x0000000085b00000, 0x0000000085b00000| Untracked 
|  68|0x0000000085c00000, 0x0000000085c00000, 0x0000000085d00000|  0%| F|  |TAMS 0x0000000085c00000, 0x0000000085c00000| Untracked 
|  69|0x0000000085d00000, 0x0000000085d00000, 0x0000000085e00000|  0%| F|  |TAMS 0x0000000085d00000, 0x0000000085d00000| Untracked 
|  70|0x0000000085e00000, 0x0000000085e00000, 0x0000000085f00000|  0%| F|  |TAMS 0x0000000085e00000, 0x0000000085e00000| Untracked 
|  71|0x0000000085f00000, 0x0000000085f00000, 0x0000000086000000|  0%| F|  |TAMS 0x0000000085f00000, 0x0000000085f00000| Untracked 
|  72|0x0000000086000000, 0x0000000086000000, 0x0000000086100000|  0%| F|  |TAMS 0x0000000086000000, 0x0000000086000000| Untracked 
|  73|0x0000000086100000, 0x0000000086100000, 0x0000000086200000|  0%| F|  |TAMS 0x0000000086100000, 0x0000000086100000| Untracked 
|  74|0x0000000086200000, 0x0000000086200000, 0x0000000086300000|  0%| F|  |TAMS 0x0000000086200000, 0x0000000086200000| Untracked 
|  75|0x0000000086300000, 0x0000000086300000, 0x0000000086400000|  0%| F|  |TAMS 0x0000000086300000, 0x0000000086300000| Untracked 
|  76|0x0000000086400000, 0x0000000086400000, 0x0000000086500000|  0%| F|  |TAMS 0x0000000086400000, 0x0000000086400000| Untracked 
|  77|0x0000000086500000, 0x0000000086500000, 0x0000000086600000|  0%| F|  |TAMS 0x0000000086500000, 0x0000000086500000| Untracked 
|  78|0x0000000086600000, 0x0000000086600000, 0x0000000086700000|  0%| F|  |TAMS 0x0000000086600000, 0x0000000086600000| Untracked 
|  79|0x0000000086700000, 0x0000000086700000, 0x0000000086800000|  0%| F|  |TAMS 0x0000000086700000, 0x0000000086700000| Untracked 
|  80|0x0000000086800000, 0x0000000086800000, 0x0000000086900000|  0%| F|  |TAMS 0x0000000086800000, 0x0000000086800000| Untracked 
|  81|0x0000000086900000, 0x0000000086900000, 0x0000000086a00000|  0%| F|  |TAMS 0x0000000086900000, 0x0000000086900000| Untracked 
|  82|0x0000000086a00000, 0x0000000086b00000, 0x0000000086b00000|100%| E|  |TAMS 0x0000000086a00000, 0x0000000086a00000| Complete 
|  83|0x0000000086b00000, 0x0000000086c00000, 0x0000000086c00000|100%| E|CS|TAMS 0x0000000086b00000, 0x0000000086b00000| Complete 
|  84|0x0000000086c00000, 0x0000000086d00000, 0x0000000086d00000|100%| E|CS|TAMS 0x0000000086c00000, 0x0000000086c00000| Complete 
|  85|0x0000000086d00000, 0x0000000086e00000, 0x0000000086e00000|100%| E|CS|TAMS 0x0000000086d00000, 0x0000000086d00000| Complete 
|  86|0x0000000086e00000, 0x0000000086f00000, 0x0000000086f00000|100%| E|CS|TAMS 0x0000000086e00000, 0x0000000086e00000| Complete 
|  87|0x0000000086f00000, 0x0000000087000000, 0x0000000087000000|100%| E|CS|TAMS 0x0000000086f00000, 0x0000000086f00000| Complete 
|  88|0x0000000087000000, 0x0000000087100000, 0x0000000087100000|100%| E|CS|TAMS 0x0000000087000000, 0x0000000087000000| Complete 
|  89|0x0000000087100000, 0x0000000087200000, 0x0000000087200000|100%| E|CS|TAMS 0x0000000087100000, 0x0000000087100000| Complete 
|  90|0x0000000087200000, 0x0000000087300000, 0x0000000087300000|100%| E|CS|TAMS 0x0000000087200000, 0x0000000087200000| Complete 
|  91|0x0000000087300000, 0x0000000087400000, 0x0000000087400000|100%| E|CS|TAMS 0x0000000087300000, 0x0000000087300000| Complete 
|  92|0x0000000087400000, 0x0000000087500000, 0x0000000087500000|100%| E|CS|TAMS 0x0000000087400000, 0x0000000087400000| Complete 
|  93|0x0000000087500000, 0x0000000087600000, 0x0000000087600000|100%| E|CS|TAMS 0x0000000087500000, 0x0000000087500000| Complete 
|  94|0x0000000087600000, 0x0000000087700000, 0x0000000087700000|100%| E|CS|TAMS 0x0000000087600000, 0x0000000087600000| Complete 
|  95|0x0000000087700000, 0x0000000087800000, 0x0000000087800000|100%| E|CS|TAMS 0x0000000087700000, 0x0000000087700000| Complete 
|  96|0x0000000087800000, 0x0000000087900000, 0x0000000087900000|100%| E|CS|TAMS 0x0000000087800000, 0x0000000087800000| Complete 
|  97|0x0000000087900000, 0x0000000087a00000, 0x0000000087a00000|100%| E|CS|TAMS 0x0000000087900000, 0x0000000087900000| Complete 
|  98|0x0000000087a00000, 0x0000000087b00000, 0x0000000087b00000|100%| E|CS|TAMS 0x0000000087a00000, 0x0000000087a00000| Complete 
|  99|0x0000000087b00000, 0x0000000087c00000, 0x0000000087c00000|100%| E|CS|TAMS 0x0000000087b00000, 0x0000000087b00000| Complete 
| 100|0x0000000087c00000, 0x0000000087d00000, 0x0000000087d00000|100%| E|CS|TAMS 0x0000000087c00000, 0x0000000087c00000| Complete 
| 101|0x0000000087d00000, 0x0000000087e00000, 0x0000000087e00000|100%| E|CS|TAMS 0x0000000087d00000, 0x0000000087d00000| Complete 
| 102|0x0000000087e00000, 0x0000000087eade78, 0x0000000087f00000| 67%| S|CS|TAMS 0x0000000087e00000, 0x0000000087e00000| Complete 
| 103|0x0000000087f00000, 0x0000000088000000, 0x0000000088000000|100%| S|CS|TAMS 0x0000000087f00000, 0x0000000087f00000| Complete 
| 104|0x0000000088000000, 0x0000000088100000, 0x0000000088100000|100%| E|CS|TAMS 0x0000000088000000, 0x0000000088000000| Complete 
| 105|0x0000000088100000, 0x0000000088200000, 0x0000000088200000|100%| E|CS|TAMS 0x0000000088100000, 0x0000000088100000| Complete 
| 106|0x0000000088200000, 0x0000000088300000, 0x0000000088300000|100%| E|CS|TAMS 0x0000000088200000, 0x0000000088200000| Complete 
| 107|0x0000000088300000, 0x0000000088400000, 0x0000000088400000|100%| E|CS|TAMS 0x0000000088300000, 0x0000000088300000| Complete 
| 108|0x0000000088400000, 0x0000000088500000, 0x0000000088500000|100%| E|CS|TAMS 0x0000000088400000, 0x0000000088400000| Complete 
| 109|0x0000000088500000, 0x0000000088600000, 0x0000000088600000|100%| E|CS|TAMS 0x0000000088500000, 0x0000000088500000| Complete 
| 110|0x0000000088600000, 0x0000000088700000, 0x0000000088700000|100%| E|CS|TAMS 0x0000000088600000, 0x0000000088600000| Complete 
| 111|0x0000000088700000, 0x0000000088800000, 0x0000000088800000|100%| E|CS|TAMS 0x0000000088700000, 0x0000000088700000| Complete 
| 112|0x0000000088800000, 0x0000000088900000, 0x0000000088900000|100%| E|CS|TAMS 0x0000000088800000, 0x0000000088800000| Complete 
| 113|0x0000000088900000, 0x0000000088a00000, 0x0000000088a00000|100%| E|CS|TAMS 0x0000000088900000, 0x0000000088900000| Complete 
| 114|0x0000000088a00000, 0x0000000088b00000, 0x0000000088b00000|100%| E|CS|TAMS 0x0000000088a00000, 0x0000000088a00000| Complete 
| 115|0x0000000088b00000, 0x0000000088c00000, 0x0000000088c00000|100%| E|CS|TAMS 0x0000000088b00000, 0x0000000088b00000| Complete 
| 116|0x0000000088c00000, 0x0000000088d00000, 0x0000000088d00000|100%| E|CS|TAMS 0x0000000088c00000, 0x0000000088c00000| Complete 
| 117|0x0000000088d00000, 0x0000000088e00000, 0x0000000088e00000|100%| E|CS|TAMS 0x0000000088d00000, 0x0000000088d00000| Complete 
| 118|0x0000000088e00000, 0x0000000088f00000, 0x0000000088f00000|100%| E|CS|TAMS 0x0000000088e00000, 0x0000000088e00000| Complete 
| 119|0x0000000088f00000, 0x0000000089000000, 0x0000000089000000|100%| E|CS|TAMS 0x0000000088f00000, 0x0000000088f00000| Complete 
| 120|0x0000000089000000, 0x0000000089100000, 0x0000000089100000|100%| E|CS|TAMS 0x0000000089000000, 0x0000000089000000| Complete 
| 121|0x0000000089100000, 0x0000000089200000, 0x0000000089200000|100%| E|CS|TAMS 0x0000000089100000, 0x0000000089100000| Complete 
| 122|0x0000000089200000, 0x0000000089300000, 0x0000000089300000|100%| E|CS|TAMS 0x0000000089200000, 0x0000000089200000| Complete 
| 123|0x0000000089300000, 0x0000000089400000, 0x0000000089400000|100%| E|CS|TAMS 0x0000000089300000, 0x0000000089300000| Complete 
| 124|0x0000000089400000, 0x0000000089500000, 0x0000000089500000|100%| E|CS|TAMS 0x0000000089400000, 0x0000000089400000| Complete 
| 125|0x0000000089500000, 0x0000000089600000, 0x0000000089600000|100%| E|CS|TAMS 0x0000000089500000, 0x0000000089500000| Complete 
| 126|0x0000000089600000, 0x0000000089700000, 0x0000000089700000|100%| E|CS|TAMS 0x0000000089600000, 0x0000000089600000| Complete 
| 127|0x0000000089700000, 0x0000000089800000, 0x0000000089800000|100%| E|CS|TAMS 0x0000000089700000, 0x0000000089700000| Complete 

Card table byte_map: [0x000001f3fd070000,0x000001f3fd470000] _byte_map_base: 0x000001f3fcc64000

Marking Bits (Prev, Next): (CMBitMap*) 0x000001f3fc8af998, (CMBitMap*) 0x000001f3fc8af9d0
 Prev Bits: [0x000001f3fd870000, 0x000001f3ff810000)
 Next Bits: [0x000001f392ff0000, 0x000001f394f90000)

Polling page: 0x000001f3fa7b0000

Metaspace:

Usage:
  Non-class:      5.40 MB capacity,     3.59 MB ( 66%) used,     1.80 MB ( 33%) free+waste,    18.13 KB ( <1%) overhead. 
      Class:    671.00 KB capacity,   440.91 KB ( 66%) used,   220.15 KB ( 33%) free+waste,     9.94 KB (  1%) overhead. 
       Both:      6.06 MB capacity,     4.02 MB ( 66%) used,     2.01 MB ( 33%) free+waste,    28.06 KB ( <1%) overhead. 

Virtual space:
  Non-class space:        8.00 MB reserved,       5.50 MB ( 69%) committed 
      Class space:        1.00 GB reserved,     768.00 KB ( <1%) committed 
             Both:        1.01 GB reserved,       6.25 MB ( <1%) committed 

Chunk freelists:
   Non-Class:  37.00 KB
       Class:  1.00 KB
        Both:  38.00 KB

MaxMetaspaceSize: 17179869184.00 GB
CompressedClassSpaceSize: 1.00 GB

CodeHeap 'non-profiled nmethods': size=120000Kb used=407Kb max_used=407Kb free=119592Kb
 bounds [0x000001f38bac0000, 0x000001f38bd30000, 0x000001f392ff0000]
CodeHeap 'profiled nmethods': size=120000Kb used=1675Kb max_used=1675Kb free=118324Kb
 bounds [0x000001f384590000, 0x000001f384800000, 0x000001f38bac0000]
CodeHeap 'non-nmethods': size=5760Kb used=1190Kb max_used=1223Kb free=4569Kb
 bounds [0x000001f383ff0000, 0x000001f384260000, 0x000001f384590000]
 total_blobs=1835 nmethods=939 adapters=333
 compilation: enabled
              stopped_count=0, restarted_count=0
 full_count=0

Compilation events (20 events):
Event: 1.872 Thread 0x000001f397282800 nmethod 857 0x000001f38bb1a890 code [0x000001f38bb1aac0, 0x000001f38bb1c2c8]
Event: 1.872 Thread 0x000001f397282800  884       4       java.lang.StringBuilder::append (8 bytes)
Event: 1.884 Thread 0x000001f397282800 nmethod 884 0x000001f38bb1d090 code [0x000001f38bb1d260, 0x000001f38bb1d7f8]
Event: 1.884 Thread 0x000001f397282800  901       4       java.lang.invoke.MethodType::parameterCount (6 bytes)
Event: 1.885 Thread 0x000001f397282800 nmethod 901 0x000001f38bb1db10 code [0x000001f38bb1dca0, 0x000001f38bb1dd58]
Event: 1.891 Thread 0x000001f397291800  933       3       jdk.internal.math.FDBigInteger::mult (64 bytes)
Event: 1.892 Thread 0x000001f397291800 nmethod 933 0x000001f384730610 code [0x000001f3847307e0, 0x000001f384730a98]
Event: 1.892 Thread 0x000001f397291800  934       3       jdk.internal.math.FDBigInteger::<init> (30 bytes)
Event: 1.892 Thread 0x000001f397291800 nmethod 934 0x000001f384730c90 code [0x000001f384730e60, 0x000001f3847310f0]
Event: 1.893 Thread 0x000001f397291800  935       3       jdk.internal.math.FDBigInteger::trimLeadingZeros (57 bytes)
Event: 1.893 Thread 0x000001f397291800 nmethod 935 0x000001f384731210 code [0x000001f3847313e0, 0x000001f384731758]
Event: 1.893 Thread 0x000001f397291800  936       3       jdk.internal.math.FDBigInteger::makeImmutable (6 bytes)
Event: 1.893 Thread 0x000001f397291800 nmethod 936 0x000001f384731890 code [0x000001f384731a40, 0x000001f384731bb8]
Event: 1.893 Thread 0x000001f397291800  937       3       jdk.internal.math.FDBigInteger::mult (44 bytes)
Event: 1.894 Thread 0x000001f397291800 nmethod 937 0x000001f384731c90 code [0x000001f384731e60, 0x000001f384732200]
Event: 1.894 Thread 0x000001f397291800  938       3       java.lang.invoke.DirectMethodHandle::internalMemberName (8 bytes)
Event: 1.894 Thread 0x000001f397291800 nmethod 938 0x000001f384732310 code [0x000001f3847324c0, 0x000001f384732718]
Event: 1.898 Thread 0x000001f397291800  939       3       java.lang.ThreadLocal::get (38 bytes)
Event: 1.899 Thread 0x000001f397291800 nmethod 939 0x000001f384732810 code [0x000001f384732a00, 0x000001f384732dc0]
Event: 2.248 Thread 0x000001f39828c800 nmethod 913 0x000001f38bb1de10 code [0x000001f38bb1e280, 0x000001f38bb237b0]

GC Heap History (2 events):
Event: 1.147 GC heap before
{Heap before GC invocations=0 (full 0):
 garbage-first heap   total 131072K, used 24576K [0x0000000081800000, 0x0000000100000000)
  region size 1024K, 24 young (24576K), 0 survivors (0K)
 Metaspace       used 3377K, capacity 5591K, committed 5760K, reserved 1056768K
  class space    used 373K, capacity 591K, committed 640K, reserved 1048576K
}
Event: 1.152 GC heap after
{Heap after GC invocations=1 (full 0):
 garbage-first heap   total 131072K, used 2743K [0x0000000081800000, 0x0000000100000000)
  region size 1024K, 2 young (2048K), 2 survivors (2048K)
 Metaspace       used 3377K, capacity 5591K, committed 5760K, reserved 1056768K
  class space    used 373K, capacity 591K, committed 640K, reserved 1048576K
}

Deoptimization events (20 events):
Event: 0.766 Thread 0x000001f3fc870800 Uncommon trap: trap_request=0xffffff4d fr.pc=0x000001f38badcd2c relative=0x0000000000000fac
Event: 0.766 Thread 0x000001f3fc870800 Uncommon trap: reason=unstable_if action=reinterpret pc=0x000001f38badcd2c method=java.util.HashMap.putVal(ILjava/lang/Object;Ljava/lang/Object;ZZ)Ljava/lang/Object; @ 181 c2
Event: 0.766 Thread 0x000001f3fc870800 DEOPT PACKING pc=0x000001f38badcd2c sp=0x0000002c6a9fcc30
Event: 0.766 Thread 0x000001f3fc870800 DEOPT UNPACKING pc=0x000001f38402d8af sp=0x0000002c6a9fcbe0 mode 2
Event: 0.782 Thread 0x000001f3fc870800 DEOPT PACKING pc=0x000001f3845d992c sp=0x0000002c6a9fd630
Event: 0.782 Thread 0x000001f3fc870800 DEOPT UNPACKING pc=0x000001f38402d6ce sp=0x0000002c6a9fcab0 mode 0
Event: 0.867 Thread 0x000001f3fc870800 DEOPT PACKING pc=0x000001f3845dc013 sp=0x0000002c6a9fd0b0
Event: 0.867 Thread 0x000001f3fc870800 DEOPT UNPACKING pc=0x000001f38402d6ce sp=0x0000002c6a9fc510 mode 0
Event: 0.876 Thread 0x000001f3fc870800 DEOPT PACKING pc=0x000001f3845dc013 sp=0x0000002c6a9fd0a0
Event: 0.876 Thread 0x000001f3fc870800 DEOPT UNPACKING pc=0x000001f38402d6ce sp=0x0000002c6a9fc528 mode 0
Event: 1.198 Thread 0x000001f3fc870800 Uncommon trap: trap_request=0xffffff4d fr.pc=0x000001f38bb03144 relative=0x0000000000000644
Event: 1.198 Thread 0x000001f3fc870800 Uncommon trap: reason=unstable_if action=reinterpret pc=0x000001f38bb03144 method=geometries.Sphere.findIntersections(Lprimitives/Ray;)Ljava/util/List; @ 75 c2
Event: 1.198 Thread 0x000001f3fc870800 DEOPT PACKING pc=0x000001f38bb03144 sp=0x0000002c6a9fe200
Event: 1.198 Thread 0x000001f3fc870800 DEOPT UNPACKING pc=0x000001f38402d8af sp=0x0000002c6a9fe158 mode 2
Event: 1.205 Thread 0x000001f3fc870800 Uncommon trap: trap_request=0xffffff4d fr.pc=0x000001f38bb08fbc relative=0x000000000000181c
Event: 1.205 Thread 0x000001f3fc870800 Uncommon trap: reason=unstable_if action=reinterpret pc=0x000001f38bb08fbc method=geometries.Sphere.findIntersections(Lprimitives/Ray;)Ljava/util/List; @ 75 c2
Event: 1.205 Thread 0x000001f3fc870800 DEOPT PACKING pc=0x000001f38bb08fbc sp=0x0000002c6a9fe200
Event: 1.205 Thread 0x000001f3fc870800 DEOPT UNPACKING pc=0x000001f38402d8af sp=0x0000002c6a9fe1a8 mode 2
Event: 298.771 Thread 0x000001f3fc870800 DEOPT PACKING pc=0x000001f3846fe8e4 sp=0x0000002c6a9fe1a0
Event: 298.771 Thread 0x000001f3fc870800 DEOPT UNPACKING pc=0x000001f38402d6ce sp=0x0000002c6a9fd6e8 mode 0

Classes redefined (20 events):
Event: 9085.061 Thread 0x000001f397260800 redefined class name=renderer.Render, count=7
Event: 9102.831 Thread 0x000001f397260800 redefined class name=renderer.Render, count=8
Event: 9156.091 Thread 0x000001f397260800 redefined class name=elements.SpotLight, count=2
Event: 9297.384 Thread 0x000001f397260800 redefined class name=elements.SpotLight, count=3
Event: 10148.711 Thread 0x000001f397260800 redefined class name=renderer.Render, count=9
Event: 10225.846 Thread 0x000001f397260800 redefined class name=renderer.Render, count=10
Event: 10287.139 Thread 0x000001f397260800 redefined class name=renderer.Render, count=11
Event: 10807.659 Thread 0x000001f397260800 redefined class name=renderer.Render, count=12
Event: 11031.152 Thread 0x000001f397260800 redefined class name=renderer.Render, count=13
Event: 14862.089 Thread 0x000001f397260800 redefined class name=renderer.Render, count=14
Event: 14992.367 Thread 0x000001f397260800 redefined class name=renderer.Render, count=15
Event: 15039.968 Thread 0x000001f397260800 redefined class name=renderer.Render, count=16
Event: 15425.797 Thread 0x000001f397260800 redefined class name=renderer.Render, count=17
Event: 15795.316 Thread 0x000001f397260800 redefined class name=renderer.Render, count=18
Event: 17806.506 Thread 0x000001f397260800 redefined class name=renderer.Render, count=19
Event: 18983.481 Thread 0x000001f397260800 redefined class name=renderer.Render, count=20
Event: 20857.070 Thread 0x000001f397260800 redefined class name=geometries.Intersectable, count=1
Event: 20857.076 Thread 0x000001f397260800 redefined class name=geometries.Intersectable$GeoPoint, count=1
Event: 20980.874 Thread 0x000001f397260800 redefined class name=geometries.Intersectable, count=2
Event: 20980.885 Thread 0x000001f397260800 redefined class name=geometries.Intersectable$GeoPoint, count=2

Internal exceptions (14 events):
Event: 0.567 Thread 0x000001f3fc870800 Exception <a 'java/io/FileNotFoundException'{0x00000000894cb1e0}> (0x00000000894cb1e0) thrown at [c:/BuildAgent/work/5ff2f6c26000d570/src/hotspot/share/prims/jni.cpp, line 615]
Event: 0.690 Thread 0x000001f3fc870800 Exception <a 'java/lang/NoSuchMethodError'{0x00000000893a7f28}: 'int java.lang.invoke.DirectMethodHandle$Holder.invokeSpecialIFC(java.lang.Object, java.lang.Object, int)'> (0x00000000893a7f28) thrown at [c:/BuildAgent/work/5ff2f6c26000d570/src/hotspot/sha
Event: 0.963 Thread 0x000001f3fc870800 Exception <a 'java/lang/ClassNotFoundException'{0x0000000088f25f20}: sun/awt/resources/spi/awtProvider> (0x0000000088f25f20) thrown at [c:/BuildAgent/work/5ff2f6c26000d570/src/hotspot/share/classfile/systemDictionary.cpp, line 231]
Event: 1.022 Thread 0x000001f3fc870800 Exception <a 'java/io/FileNotFoundException'{0x0000000088fe2f78}> (0x0000000088fe2f78) thrown at [c:/BuildAgent/work/5ff2f6c26000d570/src/hotspot/share/prims/jni.cpp, line 615]
Event: 1.042 Thread 0x000001f3fc870800 Exception <a 'java/lang/NoSuchMethodError'{0x0000000088e41f28}: 'java.lang.Object java.lang.invoke.DirectMethodHandle$Holder.invokeStatic(java.lang.Object, java.lang.Object, java.lang.Object, java.lang.Object, java.lang.Object, java.lang.Object, java.lang
Event: 1.045 Thread 0x000001f3fc870800 Exception <a 'java/lang/NoSuchMethodError'{0x0000000088e51220}: 'java.lang.Object java.lang.invoke.DirectMethodHandle$Holder.invokeStatic(java.lang.Object, java.lang.Object, java.lang.Object, java.lang.Object, java.lang.Object, java.lang.Object, java.lang
Event: 1.047 Thread 0x000001f3fc870800 Exception <a 'java/lang/NoSuchMethodError'{0x0000000088e5ee90}: 'java.lang.Object java.lang.invoke.DirectMethodHandle$Holder.invokeSpecial(java.lang.Object, java.lang.Object, int, int, java.lang.Object, java.lang.Object, java.lang.Object)'> (0x0000000088e
Event: 1.048 Thread 0x000001f3fc870800 Exception <a 'java/lang/NoSuchMethodError'{0x0000000088e62420}: 'java.lang.Object java.lang.invoke.DelegatingMethodHandle$Holder.reinvoke_L(java.lang.Object, int, int, java.lang.Object, java.lang.Object, java.lang.Object)'> (0x0000000088e62420) thrown at 
Event: 1.049 Thread 0x000001f3fc870800 Exception <a 'java/lang/NoSuchMethodError'{0x0000000088e672a0}: 'java.lang.Object java.lang.invoke.DirectMethodHandle$Holder.invokeStatic(java.lang.Object, java.lang.Object, java.lang.Object, java.lang.Object, int)'> (0x0000000088e672a0) thrown at [c:/Bui
Event: 1.064 Thread 0x000001f3fc870800 Exception <a 'java/io/FileNotFoundException'{0x0000000088ece290}> (0x0000000088ece290) thrown at [c:/BuildAgent/work/5ff2f6c26000d570/src/hotspot/share/prims/jni.cpp, line 615]
Event: 1.802 Thread 0x000001f3fc870800 Exception <a 'java/lang/NoSuchMethodError'{0x0000000086b53e70}: 'java.lang.Object java.lang.invoke.DirectMethodHandle$Holder.invokeStatic(java.lang.Object, java.lang.Object, java.lang.Object, java.lang.Object, java.lang.Object, java.lang.Object, int)'> (0
Event: 1.839 Thread 0x000001f3fc870800 Exception <a 'java/lang/NoSuchMethodError'{0x0000000086bf0350}: 'java.lang.Object java.lang.invoke.DirectMethodHandle$Holder.invokeStatic(java.lang.Object, java.lang.Object, java.lang.Object, java.lang.Object, java.lang.Object, java.lang.Object, java.lang
Event: 1.862 Thread 0x000001f3fc870800 Exception <a 'java/lang/NoSuchMethodError'{0x0000000086a0b958}: 'java.lang.Object java.lang.invoke.DirectMethodHandle$Holder.invokeStatic(java.lang.Object, java.lang.Object, java.lang.Object, java.lang.Object, java.lang.Object, java.lang.Object, java.lang
Event: 1.865 Thread 0x000001f3fc870800 Exception <a 'java/lang/NoSuchMethodError'{0x0000000086a27ad8}: 'java.lang.Object java.lang.invoke.DirectMethodHandle$Holder.invokeStatic(java.lang.Object, java.lang.Object, java.lang.Object, java.lang.Object, java.lang.Object, java.lang.Object, java.lang

Events (20 events):
Event: 613206.565 Executing VM operation: GetOrSetLocal
Event: 613206.565 Executing VM operation: GetOrSetLocal done
Event: 613206.565 Executing VM operation: GetOrSetLocal
Event: 613206.565 Executing VM operation: GetOrSetLocal done
Event: 613206.565 Executing VM operation: GetOrSetLocal
Event: 613206.565 Executing VM operation: GetOrSetLocal done
Event: 613206.565 Executing VM operation: GetOrSetLocal
Event: 613206.565 Executing VM operation: GetOrSetLocal done
Event: 613206.565 Executing VM operation: GetOrSetLocal
Event: 613206.565 Executing VM operation: GetOrSetLocal done
Event: 613206.565 Executing VM operation: GetOrSetLocal
Event: 613206.565 Executing VM operation: GetOrSetLocal done
Event: 613227.555 Executing VM operation: ChangeBreakpoints
Event: 613227.556 Executing VM operation: ChangeBreakpoints done
Event: 613329.979 Executing VM operation: ChangeBreakpoints
Event: 613329.980 Executing VM operation: ChangeBreakpoints done
Event: 613424.900 Executing VM operation: ChangeBreakpoints
Event: 613424.905 Executing VM operation: ChangeBreakpoints done
Event: 613424.909 Executing VM operation: ChangeBreakpoints
Event: 613424.911 Thread 0x000001f397d9c000 Thread exited: 0x000001f397d9c000


Dynamic libraries:
0x00007ff601710000 - 0x00007ff60171a000 	C:\Program Files\JetBrains\IntelliJ IDEA 2019.3.3\jbr\bin\java.exe
0x00007fff08a40000 - 0x00007fff08c30000 	C:\WINDOWS\SYSTEM32\ntdll.dll
0x00007fff08400000 - 0x00007fff084b2000 	C:\WINDOWS\System32\KERNEL32.DLL
0x00007fff05f00000 - 0x00007fff061a3000 	C:\WINDOWS\System32\KERNELBASE.dll
0x00007fff05b20000 - 0x00007fff05c1a000 	C:\WINDOWS\System32\ucrtbase.dll
0x00007ffefe530000 - 0x00007ffefe549000 	C:\Program Files\JetBrains\IntelliJ IDEA 2019.3.3\jbr\bin\jli.dll
0x00007ffeff0f0000 - 0x00007ffeff107000 	C:\Program Files\JetBrains\IntelliJ IDEA 2019.3.3\jbr\bin\VCRUNTIME140.dll
0x00007fff07350000 - 0x00007fff074e4000 	C:\WINDOWS\System32\USER32.dll
0x00007fff06ac0000 - 0x00007fff06ae1000 	C:\WINDOWS\System32\win32u.dll
0x00007ffef6110000 - 0x00007ffef6395000 	C:\WINDOWS\WinSxS\amd64_microsoft.windows.common-controls_6595b64144ccf1df_6.0.18362.720_none_e6beb5c51314836b\COMCTL32.dll
0x00007fff089d0000 - 0x00007fff089f6000 	C:\WINDOWS\System32\GDI32.dll
0x00007fff082c0000 - 0x00007fff0835e000 	C:\WINDOWS\System32\msvcrt.dll
0x00007fff05cd0000 - 0x00007fff05e64000 	C:\WINDOWS\System32\gdi32full.dll
0x00007fff08690000 - 0x00007fff089c6000 	C:\WINDOWS\System32\combase.dll
0x00007fff069b0000 - 0x00007fff06a4e000 	C:\WINDOWS\System32\msvcp_win.dll
0x00007fff07f90000 - 0x00007fff080b0000 	C:\WINDOWS\System32\RPCRT4.dll
0x00007fff061b0000 - 0x00007fff06230000 	C:\WINDOWS\System32\bcryptPrimitives.dll
0x00007fff08370000 - 0x00007fff0839e000 	C:\WINDOWS\System32\IMM32.DLL
0x00007ffee55a0000 - 0x00007ffee563d000 	C:\Program Files\JetBrains\IntelliJ IDEA 2019.3.3\jbr\bin\msvcp140.dll
0x00007ffe7cbb0000 - 0x00007ffe7d66b000 	C:\Program Files\JetBrains\IntelliJ IDEA 2019.3.3\jbr\bin\server\jvm.dll
0x00007fff084c0000 - 0x00007fff08563000 	C:\WINDOWS\System32\ADVAPI32.dll
0x00007fff07850000 - 0x00007fff078e7000 	C:\WINDOWS\System32\sechost.dll
0x00007fff07f50000 - 0x00007fff07f58000 	C:\WINDOWS\System32\PSAPI.DLL
0x00007ffef3dc0000 - 0x00007ffef3dc9000 	C:\WINDOWS\SYSTEM32\WSOCK32.dll
0x00007fff00950000 - 0x00007fff00974000 	C:\WINDOWS\SYSTEM32\WINMM.dll
0x00007ffef63b0000 - 0x00007ffef63ba000 	C:\WINDOWS\SYSTEM32\VERSION.dll
0x00007fff08570000 - 0x00007fff085df000 	C:\WINDOWS\System32\WS2_32.dll
0x00007fff008e0000 - 0x00007fff0090d000 	C:\WINDOWS\SYSTEM32\winmmbase.dll
0x00007fff06a70000 - 0x00007fff06aba000 	C:\WINDOWS\System32\cfgmgr32.dll
0x00007fff05930000 - 0x00007fff05941000 	C:\WINDOWS\System32\kernel.appcore.dll
0x00007ffec30f0000 - 0x00007ffec3101000 	C:\Program Files\JetBrains\IntelliJ IDEA 2019.3.3\jbr\bin\verify.dll
0x00007fff04220000 - 0x00007fff04414000 	C:\WINDOWS\SYSTEM32\DBGHELP.DLL
0x00007ffefc8c0000 - 0x00007ffefc8ea000 	C:\WINDOWS\SYSTEM32\dbgcore.DLL
0x00007ffeb8f80000 - 0x00007ffeb8fa9000 	C:\Program Files\JetBrains\IntelliJ IDEA 2019.3.3\jbr\bin\java.dll
0x00007ffee54d0000 - 0x00007ffee5508000 	C:\Program Files\JetBrains\IntelliJ IDEA 2019.3.3\jbr\bin\jdwp.dll
0x00007ffeffcd0000 - 0x00007ffeffcdf000 	C:\Program Files\JetBrains\IntelliJ IDEA 2019.3.3\jbr\bin\instrument.dll
0x00007ffeb8cf0000 - 0x00007ffeb8d07000 	C:\Program Files\JetBrains\IntelliJ IDEA 2019.3.3\jbr\bin\zip.dll
0x00007ffee7b10000 - 0x00007ffee7b1b000 	C:\Program Files\JetBrains\IntelliJ IDEA 2019.3.3\jbr\bin\jimage.dll
0x00007fff06c60000 - 0x00007fff07345000 	C:\WINDOWS\System32\SHELL32.dll
0x00007fff07d60000 - 0x00007fff07e09000 	C:\WINDOWS\System32\shcore.dll
0x00007fff06230000 - 0x00007fff069b0000 	C:\WINDOWS\System32\windows.storage.dll
0x00007fff05950000 - 0x00007fff05973000 	C:\WINDOWS\System32\profapi.dll
0x00007fff05980000 - 0x00007fff059ca000 	C:\WINDOWS\System32\powrprof.dll
0x00007fff05900000 - 0x00007fff05910000 	C:\WINDOWS\System32\UMPDC.dll
0x00007fff08260000 - 0x00007fff082b2000 	C:\WINDOWS\System32\shlwapi.dll
0x00007fff06a50000 - 0x00007fff06a67000 	C:\WINDOWS\System32\cryptsp.dll
0x00007ffeff090000 - 0x00007ffeff09b000 	C:\Program Files\JetBrains\IntelliJ IDEA 2019.3.3\jbr\bin\dt_socket.dll
0x00007fff05170000 - 0x00007fff051d7000 	C:\WINDOWS\system32\mswsock.dll
0x00007ffeb5b50000 - 0x00007ffeb5b6a000 	C:\Program Files\JetBrains\IntelliJ IDEA 2019.3.3\jbr\bin\net.dll
0x00007ffef5c00000 - 0x00007ffef5cf1000 	C:\WINDOWS\SYSTEM32\WINHTTP.dll
0x00007ffeb3be0000 - 0x00007ffeb3bf4000 	C:\Program Files\JetBrains\IntelliJ IDEA 2019.3.3\jbr\bin\nio.dll
0x00007ffe8b280000 - 0x00007ffe8b421000 	C:\Program Files\JetBrains\IntelliJ IDEA 2019.3.3\jbr\bin\awt.dll
0x00007fff07620000 - 0x00007fff076e4000 	C:\WINDOWS\System32\OLEAUT32.dll
0x00007fff03dd0000 - 0x00007fff03dfd000 	C:\WINDOWS\SYSTEM32\dwmapi.dll
0x00007fff01c90000 - 0x00007fff02250000 	C:\WINDOWS\SYSTEM32\d2d1.dll
0x00007fff03280000 - 0x00007fff0330f000 	C:\WINDOWS\SYSTEM32\apphelp.dll

dbghelp: loaded successfully - version: 4.0.5 - missing functions: none
symbol engine: initialized successfully - sym options: 0x614 - pdb path: .;C:\Program Files\JetBrains\IntelliJ IDEA 2019.3.3\jbr\bin;C:\WINDOWS\SYSTEM32;C:\WINDOWS\WinSxS\amd64_microsoft.windows.common-controls_6595b64144ccf1df_6.0.18362.720_none_e6beb5c51314836b;C:\Program Files\JetBrains\IntelliJ IDEA 2019.3.3\jbr\bin\server

VM Arguments:
jvm_args: -agentlib:jdwp=transport=dt_socket,address=127.0.0.1:53425,suspend=y,server=n -ea -Didea.test.cyclic.buffer.size=1048576 -javaagent:C:\Users\dvirs\.IntelliJIdea2019.3\system\captureAgent\debugger-agent.jar -Dfile.encoding=UTF-8 
java_command: com.intellij.rt.junit.JUnitStarter -ideVersion5 -junit4 unittests.LightsTests,sphereSpot
java_class_path (initial): C:\Program Files\JetBrains\IntelliJ IDEA 2019.3.3\lib\idea_rt.jar;C:\Program Files\JetBrains\IntelliJ IDEA 2019.3.3\plugins\junit\lib\junit5-rt.jar;C:\Program Files\JetBrains\IntelliJ IDEA 2019.3.3\plugins\junit\lib\junit-rt.jar;C:\Users\dvirs\Desktop\îéðé ôøåé÷è îáåà\out\production\project;C:\Users\dvirs\.m2\repository\junit\junit\4.12\junit-4.12.jar;C:\Users\dvirs\.m2\repository\org\hamcrest\hamcrest-core\1.3\hamcrest-core-1.3.jar;C:\Users\dvirs\.m2\repository\org\junit\jupiter\junit-jupiter\5.4.2\junit-jupiter-5.4.2.jar;C:\Users\dvirs\.m2\repository\org\junit\jupiter\junit-jupiter-api\5.4.2\junit-jupiter-api-5.4.2.jar;C:\Users\dvirs\.m2\repository\org\apiguardian\apiguardian-api\1.0.0\apiguardian-api-1.0.0.jar;C:\Users\dvirs\.m2\repository\org\opentest4j\opentest4j\1.1.1\opentest4j-1.1.1.jar;C:\Users\dvirs\.m2\repository\org\junit\platform\junit-platform-commons\1.4.2\junit-platform-commons-1.4.2.jar;C:\Users\dvirs\.m2\repository\org\junit\jupiter\junit-jupiter-params\5.4.2\junit-jupiter-params-5.4.2.jar;C:\Users\dvirs\.m2\repository\org\junit\jupiter\junit-jupiter-engine\5.4.2\junit-jupiter-engine-5.4.2.jar;C:\Users\dvirs\.m2\repository\org\junit\platform\junit-platform-engine\1.4.2\junit-platform-engine-1.4.2.jar
Launcher Type: SUN_STANDARD

[Global flags]
     intx CICompilerCount                          = 4                                         {product} {ergonomic}
     uint ConcGCThreads                            = 2                                         {product} {ergonomic}
     uint G1ConcRefinementThreads                  = 8                                         {product} {ergonomic}
   size_t G1HeapRegionSize                         = 1048576                                   {product} {ergonomic}
    uintx GCDrainStackTargetSize                   = 64                                        {product} {ergonomic}
   size_t InitialHeapSize                          = 134217728                                 {product} {ergonomic}
   size_t MarkStackSize                            = 4194304                                   {product} {ergonomic}
   size_t MaxHeapSize                              = 2122317824                                {product} {ergonomic}
   size_t MaxNewSize                               = 1272971264                                {product} {ergonomic}
   size_t MinHeapDeltaBytes                        = 1048576                                   {product} {ergonomic}
    uintx NonNMethodCodeHeapSize                   = 5836300                                {pd product} {ergonomic}
    uintx NonProfiledCodeHeapSize                  = 122910970                              {pd product} {ergonomic}
    uintx ProfiledCodeHeapSize                     = 122910970                              {pd product} {ergonomic}
    uintx ReservedCodeCacheSize                    = 251658240                              {pd product} {ergonomic}
     bool SegmentedCodeCache                       = true                                      {product} {ergonomic}
     bool UseCompressedClassPointers               = true                                 {lp64_product} {ergonomic}
     bool UseCompressedOops                        = true                                 {lp64_product} {ergonomic}
     bool UseG1GC                                  = true                                      {product} {ergonomic}
     bool UseLargePagesIndividualAllocation        = false                                  {pd product} {ergonomic}

Logging:
Log output configuration:
 #0: stdout all=warning uptime,level,tags
 #1: stderr all=off uptime,level,tags

Environment Variables:
PATH=C:\Program Files (x86)\Intel\Intel(R) Management Engine Components\iCLS\;C:\Program Files\Intel\Intel(R) Management Engine Components\iCLS\;C:\WINDOWS\system32;C:\WINDOWS;C:\WINDOWS\System32\Wbem;C:\WINDOWS\System32\WindowsPowerShell\v1.0\;C:\Program Files (x86)\Intel\Intel(R) Management Engine Components\DAL;C:\Program Files\Intel\Intel(R) Management Engine Components\DAL;C:\Program Files (x86)\Intel\Intel(R) Management Engine Components\IPT;C:\Program Files\Intel\Intel(R) Management Engine Components\IPT;C:\WINDOWS\System32\OpenSSH\;C:\Program Files (x86)\Wolfram Research\WolframScript\;C:\Program Files\Git\cmd;C:\Program Files\Microsoft SQL Server\130\Tools\Binn\;C:\Users\dvirs\AppData\Local\Programs\Python\Python38-32\Scripts\;C:\Users\dvirs\AppData\Local\Programs\Python\Python38-32\;C:\Users\dvirs\AppData\Local\Microsoft\WindowsApps;C:\Users\dvirs\AppData\Local\GitHubDesktop\bin
USERNAME=dvirs
OS=Windows_NT
PROCESSOR_IDENTIFIER=Intel64 Family 6 Model 142 Stepping 10, GenuineIntel



---------------  S Y S T E M  ---------------

OS: Windows 10 , 64 bit Build 18362 (10.0.18362.329)

CPU:total 8 (initial active 8) (4 cores per cpu, 2 threads per core) family 6 model 142 stepping 10, cmov, cx8, fxsr, mmx, sse, sse2, sse3, ssse3, sse4.1, sse4.2, popcnt, avx, avx2, aes, clmul, erms, 3dnowpref, lzcnt, ht, tsc, tscinvbit, bmi1, bmi2, adx, fma

Memory: 4k page, system-wide physical 8089M (1187M free)
TotalPageFile size 28769M (AvailPageFile size 10159M)
current process WorkingSet (physical memory assigned to process): 11M, peak: 102M
current process commit charge ("private bytes"): 225M, peak: 236M

vm_info: OpenJDK 64-Bit Server VM (11.0.5+10-b520.38) for windows-amd64 JRE (11.0.5+10-b520.38), built on Jan 23 2020 07:58:32 by "" with MS VC++ 14.0 (VS2015)

END.
